<?xml version="1.0" encoding="UTF-8"?>
<testng-results ignored="0" total="1" passed="1" failed="0" skipped="0">
  <reporter-output>
  </reporter-output>
  <suite started-at="2023-10-20T09:42:54 IST" name="Default suite" finished-at="2023-10-20T09:43:06 IST" duration-ms="11904">
    <groups>
    </groups>
    <test started-at="2023-10-20T09:42:54 IST" name="Default test" finished-at="2023-10-20T09:43:06 IST" duration-ms="11904">
      <class name="javaScriptExecutor.refreshbrwser">
        <test-method signature="name()[pri:0, instance:javaScriptExecutor.refreshbrwser@692f203f]" started-at="2023-10-20T09:42:54 IST" name="name" finished-at="2023-10-20T09:43:06 IST" duration-ms="11834" status="PASS">
          <reporter-output>
          </reporter-output>
        </test-method> <!-- name -->
      </class> <!-- javaScriptExecutor.refreshbrwser -->
    </test> <!-- Default test -->
  </suite> <!-- Default suite -->
</testng-results>
